\BOOKMARK [1][-]{section.1}{1 Continuous Fr\351chet distance}{}% 1
\BOOKMARK [1][-]{section.2}{2 Discrete Fr\351chet distance}{}% 2
\BOOKMARK [1][-]{section.3}{3 Variants of Fr\351chet distance}{}% 3
\BOOKMARK [2][-]{subsection.3.1}{3.1 Fr\351chet distance with shortcuts}{section.3}% 4
\BOOKMARK [2][-]{subsection.3.2}{3.2 Weak Fr\351chet distance}{section.3}% 5
\BOOKMARK [2][-]{subsection.3.3}{3.3 Partial Fr\351chet distance}{section.3}% 6
\BOOKMARK [2][-]{subsection.3.4}{3.4 Fr\351chet distance of a set of curves}{section.3}% 7
\BOOKMARK [2][-]{subsection.3.5}{3.5 Average and summed Fr\351chet distance}{section.3}% 8
\BOOKMARK [2][-]{subsection.3.6}{3.6 Fr\351chet distance with speed limits}{section.3}% 9
\BOOKMARK [2][-]{subsection.3.7}{3.7 Strong Fr\351chet distance}{section.3}% 10
\BOOKMARK [2][-]{subsection.3.8}{3.8 Locally Correct Fr\351chet Matchings}{section.3}% 11
\BOOKMARK [1][-]{section.4}{4 Fr\351chet distance in different metric spaces}{}% 12
\BOOKMARK [2][-]{subsection.4.1}{4.1 Homotopic Fr\351chet distance}{section.4}% 13
\BOOKMARK [2][-]{subsection.4.2}{4.2 Geodesic Fr\351chet distance}{section.4}% 14
\BOOKMARK [1][-]{section.5}{5 Fr\351chet distance for realistic curves}{}% 15
\BOOKMARK [1][-]{section.6}{6 Applications of Fr\351chet distance}{}% 16
\BOOKMARK [2][-]{subsection.6.1}{6.1 Chain simplification}{section.6}% 17
\BOOKMARK [2][-]{subsection.6.2}{6.2 Mean and median curve}{section.6}% 18
\BOOKMARK [2][-]{subsection.6.3}{6.3 Matching}{section.6}% 19
\BOOKMARK [2][-]{subsection.6.4}{6.4 Voronoi diagram}{section.6}% 20
